<?xml version="1.0" encoding="UTF-8"?>
<testsuite xmlns:xsi="http://www.w3.org/2001/XMLSchema-instance" xsi:noNamespaceSchemaLocation="https://maven.apache.org/surefire/maven-surefire-plugin/xsd/surefire-test-report.xsd" name="com.hitec.board.controller.BoardControllerTest" time="21.575" tests="2" errors="0" skipped="0" failures="0">
  <properties>
[...]
</properties>
  <testcase name="testGetBoard" classname="com.hitec.board.controller.BoardControllerTest" time="2.084"/>
  <testcase name="testSaveBoard" classname="com.hitec.board.controller.BoardControllerTest" time="0.835"/>
</testsuite>